Using pre-set license
Built from '2020.3/staging' branch; Version is '2020.3.4f1 (0abb6314276a) revision 703331'; Using compiler version '192528614'; Build Type 'Release'
OS: 'Windows 10 Home; OS build 18363.1556; Version 1909; 64bit' Language: 'en' Physical Memory: 16226 MB
BatchMode: 1, IsHumanControllingUs: 0, StartBugReporterOnCrash: 0, Is64bit: 1, IsPro: 0

 COMMAND LINE ARGUMENTS:
D:\UnityVersions\2020.3.4f1\Editor\Unity.exe
-adb2
-batchMode
-noUpm
-name
AssetImportWorker0
-projectPath
D:/UnityDevelopment/UnityProjects/UFO Fishing
-logFile
Logs/AssetImportWorker0.log
-srvPort
51794
Successfully changed project path to: D:/UnityDevelopment/UnityProjects/UFO Fishing
D:/UnityDevelopment/UnityProjects/UFO Fishing
Using Asset Import Pipeline V2.
Refreshing native plugins compatible for Editor in 22.66 ms, found 0 plugins.
Preloading 0 native plugins for Editor in 0.00 ms.
Initialize engine version: 2020.3.4f1 (0abb6314276a)
[Subsystems] Discovering subsystems at path D:/UnityVersions/2020.3.4f1/Editor/Data/Resources/UnitySubsystems
[Subsystems] Discovering subsystems at path D:/UnityDevelopment/UnityProjects/UFO Fishing/Assets
GfxDevice: creating device client; threaded=0
Direct3D:
    Version:  Direct3D 11.0 [level 11.1]
    Renderer: NVIDIA GeForce GTX 1060 (ID=0x1c20)
    Vendor:   
    VRAM:     6052 MB
    Driver:   30.0.14.7212
Initialize mono
Mono path[0] = 'D:/UnityVersions/2020.3.4f1/Editor/Data/Managed'
Mono path[1] = 'D:/UnityVersions/2020.3.4f1/Editor/Data/MonoBleedingEdge/lib/mono/unityjit'
Mono config path = 'D:/UnityVersions/2020.3.4f1/Editor/Data/MonoBleedingEdge/etc'
Using monoOptions --debugger-agent=transport=dt_socket,embedding=1,server=y,suspend=n,address=127.0.0.1:56052
Begin MonoManager ReloadAssembly
Registering precompiled unity dll's ...
Register platform support module: D:/UnityVersions/2020.3.4f1/Editor/Data/PlaybackEngines/WebGLSupport/UnityEditor.WebGL.Extensions.dll
Register platform support module: D:/UnityVersions/2020.3.4f1/Editor/Data/PlaybackEngines/WindowsStandaloneSupport/UnityEditor.WindowsStandalone.Extensions.dll
Registered in 0.001366 seconds.
Native extension for WindowsStandalone target not found
Native extension for WebGL target not found
Refreshing native plugins compatible for Editor in 23.71 ms, found 0 plugins.
Preloading 0 native plugins for Editor in 0.00 ms.
Mono: successfully reloaded assembly
- Completed reload, in  1.405 seconds
Platform modules already initialized, skipping
Registering precompiled user dll's ...
Registered in 0.000672 seconds.
Begin MonoManager ReloadAssembly
Native extension for WindowsStandalone target not found
Native extension for WebGL target not found
Refreshing native plugins compatible for Editor in 0.19 ms, found 0 plugins.
Preloading 0 native plugins for Editor in 0.00 ms.
Mono: successfully reloaded assembly
- Completed reload, in  0.821 seconds
Platform modules already initialized, skipping
========================================================================
Worker process is ready to serve import requests
Launched and connected shader compiler UnityShaderCompiler.exe after 0.05 seconds
Refreshing native plugins compatible for Editor in 0.18 ms, found 0 plugins.
Preloading 0 native plugins for Editor in 0.00 ms.
Unloading 1154 Unused Serialized files (Serialized files now loaded: 0)
System memory in use before: 58.3 MB.
System memory in use after: 58.3 MB.

Unloading 10 unused Assets to reduce memory usage. Loaded Objects now: 1596.
Total: 1.792600 ms (FindLiveObjects: 0.133600 ms CreateObjectMapping: 0.044100 ms MarkObjects: 1.538500 ms  DeleteObjects: 0.075500 ms)

========================================================================
Received Import Request.
  path: Assets/Art/Water.psd
  artifactKey: Guid(08b223d7d139c6542a9a33c831a50b97) Importer(815301076,1909f56bfc062723c751e8b465ee728b)
Start importing Assets/Art/Water.psd using Guid(08b223d7d139c6542a9a33c831a50b97) Importer(815301076,1909f56bfc062723c751e8b465ee728b)  -> (artifact id: '0edc7ea7bc955daa077efb24830fcd31') in 0.118994 seconds
  Import took 0.120878 seconds .

========================================================================
Received Import Request.
  Time since last request: 0.000311 seconds.
  path: Assets/Art/UFO.psd
  artifactKey: Guid(990ea0382944ea04497b3725b108d404) Importer(815301076,1909f56bfc062723c751e8b465ee728b)
Start importing Assets/Art/UFO.psd using Guid(990ea0382944ea04497b3725b108d404) Importer(815301076,1909f56bfc062723c751e8b465ee728b)  -> (artifact id: '809ec16af8dae6afb6db61bf8b0bfea3') in 0.029712 seconds
  Import took 0.031992 seconds .

========================================================================
Received Import Request.
  Time since last request: 0.000421 seconds.
  path: Assets/Art/Laser.psd
  artifactKey: Guid(49dcebde2bb0ada41b9b416374b96210) Importer(815301076,1909f56bfc062723c751e8b465ee728b)
Start importing Assets/Art/Laser.psd using Guid(49dcebde2bb0ada41b9b416374b96210) Importer(815301076,1909f56bfc062723c751e8b465ee728b)  -> (artifact id: 'cd33d5465dc816773e27fd9064fe7a06') in 0.023181 seconds
  Import took 0.026135 seconds .

========================================================================
Received Import Request.
  Time since last request: 0.000275 seconds.
  path: Assets/Art/Fish01.psd
  artifactKey: Guid(efb8a06bbd6b8d44e8a1eb8976c8e4c8) Importer(815301076,1909f56bfc062723c751e8b465ee728b)
Start importing Assets/Art/Fish01.psd using Guid(efb8a06bbd6b8d44e8a1eb8976c8e4c8) Importer(815301076,1909f56bfc062723c751e8b465ee728b)  -> (artifact id: 'b15566cef66c74d6a8d9b34a3b7d6650') in 0.020034 seconds
  Import took 0.021919 seconds .

========================================================================
Received Import Request.
  Time since last request: 0.000214 seconds.
  path: Assets/Art
  artifactKey: Guid(73aba4ade9e924a44b5fbbd0298d1d42) Importer(815301076,1909f56bfc062723c751e8b465ee728b)
Start importing Assets/Art using Guid(73aba4ade9e924a44b5fbbd0298d1d42) Importer(815301076,1909f56bfc062723c751e8b465ee728b)  -> (artifact id: 'eefad203d27b12d839e25dddf888321f') in 0.006287 seconds
  Import took 0.008065 seconds .

========================================================================
Received Import Request.
  Time since last request: 0.000260 seconds.
  path: Assets/Art/FishBig.psd
  artifactKey: Guid(68c4851adb261b647a3572fcdcefb1bd) Importer(815301076,1909f56bfc062723c751e8b465ee728b)
Start importing Assets/Art/FishBig.psd using Guid(68c4851adb261b647a3572fcdcefb1bd) Importer(815301076,1909f56bfc062723c751e8b465ee728b)  -> (artifact id: '52367db95a7b6dcce462ec585a8bf254') in 0.011827 seconds
  Import took 0.013770 seconds .

========================================================================
Received Import Request.
  Time since last request: 22.913104 seconds.
  path: Assets/Art/UFO.psd
  artifactKey: Guid(990ea0382944ea04497b3725b108d404) Importer(815301076,1909f56bfc062723c751e8b465ee728b)
Start importing Assets/Art/UFO.psd using Guid(990ea0382944ea04497b3725b108d404) Importer(815301076,1909f56bfc062723c751e8b465ee728b)  -> (artifact id: '30d9438022de909cf879eb1d5d2fb13f') in 0.014252 seconds
  Import took 0.016637 seconds .

========================================================================
Received Import Request.
  Time since last request: 0.005707 seconds.
  path: Assets/Art/UFO.psd
  artifactKey: Guid(990ea0382944ea04497b3725b108d404) Importer(815301076,1909f56bfc062723c751e8b465ee728b)
Start importing Assets/Art/UFO.psd using Guid(990ea0382944ea04497b3725b108d404) Importer(815301076,1909f56bfc062723c751e8b465ee728b)  -> (artifact id: '30d9438022de909cf879eb1d5d2fb13f') in 0.012819 seconds
  Import took 0.014887 seconds .

========================================================================
Received Import Request.
  Time since last request: 251.591870 seconds.
  path: Assets/Art/Fish02.psd
  artifactKey: Guid(9cceb0a4068879640b22f880cebc94b7) Importer(815301076,1909f56bfc062723c751e8b465ee728b)
Start importing Assets/Art/Fish02.psd using Guid(9cceb0a4068879640b22f880cebc94b7) Importer(815301076,1909f56bfc062723c751e8b465ee728b)  -> (artifact id: '29e16293c9b65c381169225ee1dec46d') in 0.011186 seconds
  Import took 0.013408 seconds .

========================================================================
Received Import Request.
  Time since last request: 743.096654 seconds.
  path: Assets/Art/Fish02.psd
  artifactKey: Guid(9cceb0a4068879640b22f880cebc94b7) Importer(815301076,1909f56bfc062723c751e8b465ee728b)
Start importing Assets/Art/Fish02.psd using Guid(9cceb0a4068879640b22f880cebc94b7) Importer(815301076,1909f56bfc062723c751e8b465ee728b)  -> (artifact id: '5fe74ff31df52f28d12c8106664fec40') in 0.009697 seconds
  Import took 0.011971 seconds .

========================================================================
Received Import Request.
  Time since last request: 0.000197 seconds.
  path: Assets/Art/FishBig.psd
  artifactKey: Guid(68c4851adb261b647a3572fcdcefb1bd) Importer(815301076,1909f56bfc062723c751e8b465ee728b)
Start importing Assets/Art/FishBig.psd using Guid(68c4851adb261b647a3572fcdcefb1bd) Importer(815301076,1909f56bfc062723c751e8b465ee728b)  -> (artifact id: '5f8beb1c8894b3ad4913aea5749dddcf') in 0.008389 seconds
  Import took 0.010312 seconds .

========================================================================
Received Import Request.
  Time since last request: 0.000234 seconds.
  path: Assets/Art/Fish03.psd
  artifactKey: Guid(c672400f4dfe6e442b97670d38a8dbf1) Importer(815301076,1909f56bfc062723c751e8b465ee728b)
Start importing Assets/Art/Fish03.psd using Guid(c672400f4dfe6e442b97670d38a8dbf1) Importer(815301076,1909f56bfc062723c751e8b465ee728b)  -> (artifact id: 'b4b79adb24bbb1c55e7d60e59888e276') in 0.009605 seconds
  Import took 0.011632 seconds .

========================================================================
Received Import Request.
  Time since last request: 121.894042 seconds.
  path: Assets/Art/Laser.psd
  artifactKey: Guid(49dcebde2bb0ada41b9b416374b96210) Importer(815301076,1909f56bfc062723c751e8b465ee728b)
Start importing Assets/Art/Laser.psd using Guid(49dcebde2bb0ada41b9b416374b96210) Importer(815301076,1909f56bfc062723c751e8b465ee728b)  -> (artifact id: '55ca65baa3c68311fdbf189fb9a7fb20') in 0.012018 seconds
  Import took 0.014731 seconds .

========================================================================
Received Import Request.
  Time since last request: 25.027751 seconds.
  path: Assets/Art/Laser.psd
  artifactKey: Guid(49dcebde2bb0ada41b9b416374b96210) Importer(815301076,1909f56bfc062723c751e8b465ee728b)
Start importing Assets/Art/Laser.psd using Guid(49dcebde2bb0ada41b9b416374b96210) Importer(815301076,1909f56bfc062723c751e8b465ee728b)  -> (artifact id: '5b55d6435efcfc82c4c73c85d4506f42') in 0.008947 seconds
  Import took 0.011379 seconds .

========================================================================
Received Import Request.
  Time since last request: 101.061532 seconds.
  path: Assets/Art/Drops.psd
  artifactKey: Guid(d21b42ac31f12d04aaa7cb4aaf7e8a91) Importer(815301076,1909f56bfc062723c751e8b465ee728b)
Start importing Assets/Art/Drops.psd using Guid(d21b42ac31f12d04aaa7cb4aaf7e8a91) Importer(815301076,1909f56bfc062723c751e8b465ee728b)  -> (artifact id: '854858113870daa462002f858aafbbe2') in 0.008932 seconds
  Import took 0.010718 seconds .

========================================================================
Received Import Request.
  Time since last request: 431.240807 seconds.
  path: Assets/Art/Drops.psd
  artifactKey: Guid(d21b42ac31f12d04aaa7cb4aaf7e8a91) Importer(815301076,1909f56bfc062723c751e8b465ee728b)
Start importing Assets/Art/Drops.psd using Guid(d21b42ac31f12d04aaa7cb4aaf7e8a91) Importer(815301076,1909f56bfc062723c751e8b465ee728b)  -> (artifact id: '4060c3c330b605be5378822bbbd63756') in 0.010711 seconds
  Import took 0.013477 seconds .

========================================================================
Received Import Request.
  Time since last request: 59.767085 seconds.
  path: Assets/Art/Hill.psd
  artifactKey: Guid(7ef7b38d59deaa34090742f4e5a61d65) Importer(815301076,1909f56bfc062723c751e8b465ee728b)
Start importing Assets/Art/Hill.psd using Guid(7ef7b38d59deaa34090742f4e5a61d65) Importer(815301076,1909f56bfc062723c751e8b465ee728b)  -> (artifact id: 'ca22ac132e52ab920475c91a727c4ef7') in 0.017573 seconds
  Import took 0.019991 seconds .

========================================================================
Received Import Request.
  Time since last request: 441.716478 seconds.
  path: Assets/Art/Clouds.psd
  artifactKey: Guid(5d66c89fb81912d4695145addf95559f) Importer(815301076,1909f56bfc062723c751e8b465ee728b)
Start importing Assets/Art/Clouds.psd using Guid(5d66c89fb81912d4695145addf95559f) Importer(815301076,1909f56bfc062723c751e8b465ee728b)  -> (artifact id: '61e360fa4dba9308f51113d8b8d96789') in 0.011406 seconds
  Import took 0.013805 seconds .

========================================================================
Received Prepare
Registering precompiled user dll's ...
Registered in 0.000746 seconds.
Begin MonoManager ReloadAssembly
Native extension for WindowsStandalone target not found
Native extension for WebGL target not found
Refreshing native plugins compatible for Editor in 0.22 ms, found 0 plugins.
Preloading 0 native plugins for Editor in 0.00 ms.
Mono: successfully reloaded assembly
- Completed reload, in  0.892 seconds
Platform modules already initialized, skipping
Refreshing native plugins compatible for Editor in 0.20 ms, found 0 plugins.
Preloading 0 native plugins for Editor in 0.00 ms.
Unloading 1149 Unused Serialized files (Serialized files now loaded: 0)
System memory in use before: 61.3 MB.
System memory in use after: 61.4 MB.

Unloading 5 unused Assets to reduce memory usage. Loaded Objects now: 1627.
Total: 1.620700 ms (FindLiveObjects: 0.126400 ms CreateObjectMapping: 0.032800 ms MarkObjects: 1.415600 ms  DeleteObjects: 0.044900 ms)

========================================================================
Received Prepare
Registering precompiled user dll's ...
Registered in 0.000757 seconds.
Begin MonoManager ReloadAssembly
Native extension for WindowsStandalone target not found
Native extension for WebGL target not found
Refreshing native plugins compatible for Editor in 0.22 ms, found 0 plugins.
Preloading 0 native plugins for Editor in 0.00 ms.
Mono: successfully reloaded assembly
- Completed reload, in  0.841 seconds
Platform modules already initialized, skipping
Refreshing native plugins compatible for Editor in 0.22 ms, found 0 plugins.
Preloading 0 native plugins for Editor in 0.00 ms.
Unloading 1149 Unused Serialized files (Serialized files now loaded: 0)
System memory in use before: 61.3 MB.
System memory in use after: 61.4 MB.

Unloading 5 unused Assets to reduce memory usage. Loaded Objects now: 1630.
Total: 1.634700 ms (FindLiveObjects: 0.132300 ms CreateObjectMapping: 0.037200 ms MarkObjects: 1.421200 ms  DeleteObjects: 0.043100 ms)

========================================================================
Received Prepare
Registering precompiled user dll's ...
Registered in 0.000849 seconds.
Begin MonoManager ReloadAssembly
Native extension for WindowsStandalone target not found
Native extension for WebGL target not found
Refreshing native plugins compatible for Editor in 0.23 ms, found 0 plugins.
Preloading 0 native plugins for Editor in 0.00 ms.
Mono: successfully reloaded assembly
- Completed reload, in  0.907 seconds
Platform modules already initialized, skipping
Refreshing native plugins compatible for Editor in 0.21 ms, found 0 plugins.
Preloading 0 native plugins for Editor in 0.00 ms.
Unloading 1149 Unused Serialized files (Serialized files now loaded: 0)
System memory in use before: 61.4 MB.
System memory in use after: 61.4 MB.

Unloading 5 unused Assets to reduce memory usage. Loaded Objects now: 1633.
Total: 1.658100 ms (FindLiveObjects: 0.126800 ms CreateObjectMapping: 0.031700 ms MarkObjects: 1.457900 ms  DeleteObjects: 0.040700 ms)

